<?xml version="1.0" encoding="UTF-8"?>
<!-- Generated by org.testng.reporters.JUnitXMLReporter -->
<testsuite hostname="Panyam-Win10" ignored="0" name="BlueBadge Functional Regression Test" tests="12" failures="0" timestamp="15 Apr 2020 21:44:11 GMT" time="29.717" errors="0">
  <testcase name="getPageTitleTest" time="0.316" classname="Com.Test.BlueBadge.Test.SignUpPageTest"/>
  <testcase name="verifyPageLogoTest" time="1.073" classname="Com.Test.BlueBadge.Test.SignUpPageTest"/>
  <testcase name="verifyHeaderTextTest" time="0.866" classname="Com.Test.BlueBadge.Test.SignUpPageTest"/>
  <testcase name="verifyMenuOption1" time="1.054" classname="Com.Test.BlueBadge.Test.SignUpPageTest"/>
  <testcase name="verifyMenuOption2" time="1.05" classname="Com.Test.BlueBadge.Test.SignUpPageTest"/>
  <testcase name="verifypageBottomOption1" time="1.037" classname="Com.Test.BlueBadge.Test.SignUpPageTest"/>
  <testcase name="verifypageBottomOption2" time="0.841" classname="Com.Test.BlueBadge.Test.SignUpPageTest"/>
  <testcase name="verifypageBottomOption3" time="0.962" classname="Com.Test.BlueBadge.Test.SignUpPageTest"/>
  <testcase name="verifypageBottomOption4" time="0.98" classname="Com.Test.BlueBadge.Test.SignUpPageTest"/>
  <testcase name="verifypageBottomOption5" time="0.96" classname="Com.Test.BlueBadge.Test.SignUpPageTest"/>
  <testcase name="verifypageBottomOption6" time="1.025" classname="Com.Test.BlueBadge.Test.SignUpPageTest"/>
  <testcase name="clickOnLoginButtonTest" time="3.398" classname="Com.Test.BlueBadge.Test.SignUpPageTest"/>
</testsuite> <!-- BlueBadge Functional Regression Test -->
