<?xml version="1.0" encoding="UTF-8"?>
<!-- Generated by org.testng.reporters.JUnitXMLReporter -->
<testsuite hostname="Panyam-Win10" ignored="0" name="Default test" tests="12" failures="0" timestamp="15 Apr 2020 21:43:08 GMT" time="32.376" errors="0">
  <testcase name="getPageTitleTest" time="0.264" classname="Com.Test.BlueBadge.Test.SignUpPageTest"/>
  <testcase name="verifyPageLogoTest" time="0.895" classname="Com.Test.BlueBadge.Test.SignUpPageTest"/>
  <testcase name="verifyHeaderTextTest" time="1.075" classname="Com.Test.BlueBadge.Test.SignUpPageTest"/>
  <testcase name="verifyMenuOption1" time="1.081" classname="Com.Test.BlueBadge.Test.SignUpPageTest"/>
  <testcase name="verifyMenuOption2" time="0.983" classname="Com.Test.BlueBadge.Test.SignUpPageTest"/>
  <testcase name="verifypageBottomOption1" time="0.982" classname="Com.Test.BlueBadge.Test.SignUpPageTest"/>
  <testcase name="verifypageBottomOption2" time="1.03" classname="Com.Test.BlueBadge.Test.SignUpPageTest"/>
  <testcase name="verifypageBottomOption3" time="1.108" classname="Com.Test.BlueBadge.Test.SignUpPageTest"/>
  <testcase name="verifypageBottomOption4" time="1.08" classname="Com.Test.BlueBadge.Test.SignUpPageTest"/>
  <testcase name="verifypageBottomOption5" time="1.031" classname="Com.Test.BlueBadge.Test.SignUpPageTest"/>
  <testcase name="verifypageBottomOption6" time="1.195" classname="Com.Test.BlueBadge.Test.SignUpPageTest"/>
  <testcase name="clickOnLoginButtonTest" time="3.957" classname="Com.Test.BlueBadge.Test.SignUpPageTest"/>
</testsuite> <!-- Default test -->
