<?xml version="1.0" encoding="UTF-8"?>
<!-- Generated by org.testng.reporters.JUnitXMLReporter -->
<testsuite hostname="Panyam-Win10" ignored="0" name="BlueBadge Functional Regression Test" tests="12" failures="0" timestamp="14 Apr 2020 14:32:00 GMT" time="26.701" errors="0">
  <testcase name="getPageTitleTest" time="0.249" classname="Com.Test.BlueBadge.Test.SignUpPageTest"/>
  <testcase name="verifyPageLogoTest" time="0.976" classname="Com.Test.BlueBadge.Test.SignUpPageTest"/>
  <testcase name="verifyHeaderTextTest" time="0.691" classname="Com.Test.BlueBadge.Test.SignUpPageTest"/>
  <testcase name="verifyMenuOption1" time="0.654" classname="Com.Test.BlueBadge.Test.SignUpPageTest"/>
  <testcase name="verifyMenuOption2" time="0.639" classname="Com.Test.BlueBadge.Test.SignUpPageTest"/>
  <testcase name="verifypageBottomOption1" time="0.62" classname="Com.Test.BlueBadge.Test.SignUpPageTest"/>
  <testcase name="verifypageBottomOption2" time="0.64" classname="Com.Test.BlueBadge.Test.SignUpPageTest"/>
  <testcase name="verifypageBottomOption3" time="0.641" classname="Com.Test.BlueBadge.Test.SignUpPageTest"/>
  <testcase name="verifypageBottomOption4" time="0.636" classname="Com.Test.BlueBadge.Test.SignUpPageTest"/>
  <testcase name="verifypageBottomOption5" time="0.64" classname="Com.Test.BlueBadge.Test.SignUpPageTest"/>
  <testcase name="verifypageBottomOption6" time="0.607" classname="Com.Test.BlueBadge.Test.SignUpPageTest"/>
  <testcase name="clickOnLoginButtonTest" time="2.348" classname="Com.Test.BlueBadge.Test.SignUpPageTest"/>
</testsuite> <!-- BlueBadge Functional Regression Test -->
