<?xml version="1.0" encoding="UTF-8"?>
<testsuite xmlns:xsi="http://www.w3.org/2001/XMLSchema-instance" xsi:noNamespaceSchemaLocation="https://maven.apache.org/surefire/maven-surefire-plugin/xsd/surefire-test-report.xsd" name="TestSuite" time="30.642" tests="12" errors="0" skipped="0" failures="0">
  <properties>
[...]
</properties>
  <testcase name="getPageTitleTest" classname="Com.Test.BlueBadge.Test.SignUpPageTest" time="0.457"/>
  <testcase name="verifyPageLogoTest" classname="Com.Test.BlueBadge.Test.SignUpPageTest" time="0.943"/>
  <testcase name="verifyHeaderTextTest" classname="Com.Test.BlueBadge.Test.SignUpPageTest" time="0.683"/>
  <testcase name="verifyMenuOption1" classname="Com.Test.BlueBadge.Test.SignUpPageTest" time="0.653"/>
  <testcase name="verifyMenuOption2" classname="Com.Test.BlueBadge.Test.SignUpPageTest" time="0.64"/>
  <testcase name="verifypageBottomOption1" classname="Com.Test.BlueBadge.Test.SignUpPageTest" time="0.616"/>
  <testcase name="verifypageBottomOption2" classname="Com.Test.BlueBadge.Test.SignUpPageTest" time="0.64"/>
  <testcase name="verifypageBottomOption3" classname="Com.Test.BlueBadge.Test.SignUpPageTest" time="0.642"/>
  <testcase name="verifypageBottomOption4" classname="Com.Test.BlueBadge.Test.SignUpPageTest" time="0.636"/>
  <testcase name="verifypageBottomOption5" classname="Com.Test.BlueBadge.Test.SignUpPageTest" time="0.64"/>
  <testcase name="verifypageBottomOption6" classname="Com.Test.BlueBadge.Test.SignUpPageTest" time="0.607"/>
  <testcase name="clickOnLoginButtonTest" classname="Com.Test.BlueBadge.Test.SignUpPageTest" time="2.348"/>
</testsuite>