<?xml version="1.0" encoding="UTF-8"?>
<testng-results skipped="0" failed="0" ignored="0" total="12" passed="12">
  <reporter-output>
  </reporter-output>
  <suite name="BlueBadge Regression Suite" duration-ms="29717" started-at="2020-04-15T21:43:42Z" finished-at="2020-04-15T21:44:11Z">
    <groups>
    </groups>
    <test name="BlueBadge Functional Regression Test" duration-ms="29717" started-at="2020-04-15T21:43:42Z" finished-at="2020-04-15T21:44:11Z">
      <class name="Com.Test.BlueBadge.Test.SignUpPageTest">
        <test-method status="PASS" signature="setup()[pri:0, instance:Com.Test.BlueBadge.Test.SignUpPageTest@45be7cd5]" name="setup" is-config="true" duration-ms="14825" started-at="2020-04-15T21:43:42Z" finished-at="2020-04-15T21:43:56Z">
          <reporter-output>
          </reporter-output>
        </test-method> <!-- setup -->
        <test-method status="PASS" signature="getPageTitleTest()[pri:1, instance:Com.Test.BlueBadge.Test.SignUpPageTest@45be7cd5]" name="getPageTitleTest" duration-ms="316" started-at="2020-04-15T21:43:57Z" description="verifying Page Title" finished-at="2020-04-15T21:43:57Z">
          <reporter-output>
          </reporter-output>
        </test-method> <!-- getPageTitleTest -->
        <test-method status="PASS" signature="verifyPageLogoTest()[pri:2, instance:Com.Test.BlueBadge.Test.SignUpPageTest@45be7cd5]" name="verifyPageLogoTest" duration-ms="1073" started-at="2020-04-15T21:43:57Z" finished-at="2020-04-15T21:43:58Z">
          <reporter-output>
          </reporter-output>
        </test-method> <!-- verifyPageLogoTest -->
        <test-method status="PASS" signature="verifyHeaderTextTest()[pri:3, instance:Com.Test.BlueBadge.Test.SignUpPageTest@45be7cd5]" name="verifyHeaderTextTest" duration-ms="866" started-at="2020-04-15T21:43:58Z" finished-at="2020-04-15T21:43:59Z">
          <reporter-output>
          </reporter-output>
        </test-method> <!-- verifyHeaderTextTest -->
        <test-method status="PASS" signature="verifyMenuOption1()[pri:4, instance:Com.Test.BlueBadge.Test.SignUpPageTest@45be7cd5]" name="verifyMenuOption1" duration-ms="1054" started-at="2020-04-15T21:43:59Z" finished-at="2020-04-15T21:44:00Z">
          <reporter-output>
          </reporter-output>
        </test-method> <!-- verifyMenuOption1 -->
        <test-method status="PASS" signature="verifyMenuOption2()[pri:5, instance:Com.Test.BlueBadge.Test.SignUpPageTest@45be7cd5]" name="verifyMenuOption2" duration-ms="1050" started-at="2020-04-15T21:44:00Z" finished-at="2020-04-15T21:44:01Z">
          <reporter-output>
          </reporter-output>
        </test-method> <!-- verifyMenuOption2 -->
        <test-method status="PASS" signature="verifypageBottomOption1()[pri:6, instance:Com.Test.BlueBadge.Test.SignUpPageTest@45be7cd5]" name="verifypageBottomOption1" duration-ms="1037" started-at="2020-04-15T21:44:01Z" finished-at="2020-04-15T21:44:02Z">
          <reporter-output>
          </reporter-output>
        </test-method> <!-- verifypageBottomOption1 -->
        <test-method status="PASS" signature="verifypageBottomOption2()[pri:7, instance:Com.Test.BlueBadge.Test.SignUpPageTest@45be7cd5]" name="verifypageBottomOption2" duration-ms="841" started-at="2020-04-15T21:44:02Z" finished-at="2020-04-15T21:44:03Z">
          <reporter-output>
          </reporter-output>
        </test-method> <!-- verifypageBottomOption2 -->
        <test-method status="PASS" signature="verifypageBottomOption3()[pri:8, instance:Com.Test.BlueBadge.Test.SignUpPageTest@45be7cd5]" name="verifypageBottomOption3" duration-ms="962" started-at="2020-04-15T21:44:03Z" finished-at="2020-04-15T21:44:04Z">
          <reporter-output>
          </reporter-output>
        </test-method> <!-- verifypageBottomOption3 -->
        <test-method status="PASS" signature="verifypageBottomOption4()[pri:9, instance:Com.Test.BlueBadge.Test.SignUpPageTest@45be7cd5]" name="verifypageBottomOption4" duration-ms="980" started-at="2020-04-15T21:44:04Z" finished-at="2020-04-15T21:44:05Z">
          <reporter-output>
          </reporter-output>
        </test-method> <!-- verifypageBottomOption4 -->
        <test-method status="PASS" signature="verifypageBottomOption5()[pri:10, instance:Com.Test.BlueBadge.Test.SignUpPageTest@45be7cd5]" name="verifypageBottomOption5" duration-ms="960" started-at="2020-04-15T21:44:05Z" finished-at="2020-04-15T21:44:06Z">
          <reporter-output>
          </reporter-output>
        </test-method> <!-- verifypageBottomOption5 -->
        <test-method status="PASS" signature="verifypageBottomOption6()[pri:11, instance:Com.Test.BlueBadge.Test.SignUpPageTest@45be7cd5]" name="verifypageBottomOption6" duration-ms="1025" started-at="2020-04-15T21:44:06Z" finished-at="2020-04-15T21:44:07Z">
          <reporter-output>
          </reporter-output>
        </test-method> <!-- verifypageBottomOption6 -->
        <test-method status="PASS" signature="clickOnLoginButtonTest()[pri:12, instance:Com.Test.BlueBadge.Test.SignUpPageTest@45be7cd5]" name="clickOnLoginButtonTest" duration-ms="3398" started-at="2020-04-15T21:44:07Z" finished-at="2020-04-15T21:44:10Z">
          <reporter-output>
          </reporter-output>
        </test-method> <!-- clickOnLoginButtonTest -->
        <test-method status="PASS" signature="tearDown()[pri:0, instance:Com.Test.BlueBadge.Test.SignUpPageTest@45be7cd5]" name="tearDown" is-config="true" duration-ms="808" started-at="2020-04-15T21:44:10Z" finished-at="2020-04-15T21:44:11Z">
          <reporter-output>
          </reporter-output>
        </test-method> <!-- tearDown -->
      </class> <!-- Com.Test.BlueBadge.Test.SignUpPageTest -->
    </test> <!-- BlueBadge Functional Regression Test -->
  </suite> <!-- BlueBadge Regression Suite -->
</testng-results>
