<?xml version="1.0" encoding="UTF-8"?>
<testng-results skipped="0" failed="0" ignored="0" total="12" passed="12">
  <reporter-output>
  </reporter-output>
  <suite name="BlueBadge Regression Suite" duration-ms="27906" started-at="2020-04-14T21:22:08Z" finished-at="2020-04-14T21:22:36Z">
    <groups>
    </groups>
    <test name="BlueBadge Functional Regression Test" duration-ms="27906" started-at="2020-04-14T21:22:08Z" finished-at="2020-04-14T21:22:36Z">
      <class name="Com.Test.BlueBadge.Test.SignUpPageTest">
        <test-method status="PASS" signature="setup()[pri:0, instance:Com.Test.BlueBadge.Test.SignUpPageTest@62e70ea3]" name="setup" is-config="true" duration-ms="17646" started-at="2020-04-14T21:22:08Z" finished-at="2020-04-14T21:22:26Z">
          <reporter-output>
          </reporter-output>
        </test-method> <!-- setup -->
        <test-method status="PASS" signature="getPageTitleTest()[pri:1, instance:Com.Test.BlueBadge.Test.SignUpPageTest@62e70ea3]" name="getPageTitleTest" duration-ms="296" started-at="2020-04-14T21:22:26Z" description="verifying Page Title" finished-at="2020-04-14T21:22:27Z">
          <reporter-output>
          </reporter-output>
        </test-method> <!-- getPageTitleTest -->
        <test-method status="PASS" signature="verifyPageLogoTest()[pri:2, instance:Com.Test.BlueBadge.Test.SignUpPageTest@62e70ea3]" name="verifyPageLogoTest" duration-ms="856" started-at="2020-04-14T21:22:27Z" finished-at="2020-04-14T21:22:28Z">
          <reporter-output>
          </reporter-output>
        </test-method> <!-- verifyPageLogoTest -->
        <test-method status="PASS" signature="verifyHeaderTextTest()[pri:3, instance:Com.Test.BlueBadge.Test.SignUpPageTest@62e70ea3]" name="verifyHeaderTextTest" duration-ms="666" started-at="2020-04-14T21:22:28Z" finished-at="2020-04-14T21:22:28Z">
          <reporter-output>
          </reporter-output>
        </test-method> <!-- verifyHeaderTextTest -->
        <test-method status="PASS" signature="verifyMenuOption1()[pri:4, instance:Com.Test.BlueBadge.Test.SignUpPageTest@62e70ea3]" name="verifyMenuOption1" duration-ms="652" started-at="2020-04-14T21:22:28Z" finished-at="2020-04-14T21:22:29Z">
          <reporter-output>
          </reporter-output>
        </test-method> <!-- verifyMenuOption1 -->
        <test-method status="PASS" signature="verifyMenuOption2()[pri:5, instance:Com.Test.BlueBadge.Test.SignUpPageTest@62e70ea3]" name="verifyMenuOption2" duration-ms="621" started-at="2020-04-14T21:22:29Z" finished-at="2020-04-14T21:22:30Z">
          <reporter-output>
          </reporter-output>
        </test-method> <!-- verifyMenuOption2 -->
        <test-method status="PASS" signature="verifypageBottomOption1()[pri:6, instance:Com.Test.BlueBadge.Test.SignUpPageTest@62e70ea3]" name="verifypageBottomOption1" duration-ms="626" started-at="2020-04-14T21:22:30Z" finished-at="2020-04-14T21:22:30Z">
          <reporter-output>
          </reporter-output>
        </test-method> <!-- verifypageBottomOption1 -->
        <test-method status="PASS" signature="verifypageBottomOption2()[pri:7, instance:Com.Test.BlueBadge.Test.SignUpPageTest@62e70ea3]" name="verifypageBottomOption2" duration-ms="679" started-at="2020-04-14T21:22:30Z" finished-at="2020-04-14T21:22:31Z">
          <reporter-output>
          </reporter-output>
        </test-method> <!-- verifypageBottomOption2 -->
        <test-method status="PASS" signature="verifypageBottomOption3()[pri:8, instance:Com.Test.BlueBadge.Test.SignUpPageTest@62e70ea3]" name="verifypageBottomOption3" duration-ms="661" started-at="2020-04-14T21:22:31Z" finished-at="2020-04-14T21:22:32Z">
          <reporter-output>
          </reporter-output>
        </test-method> <!-- verifypageBottomOption3 -->
        <test-method status="PASS" signature="verifypageBottomOption4()[pri:9, instance:Com.Test.BlueBadge.Test.SignUpPageTest@62e70ea3]" name="verifypageBottomOption4" duration-ms="652" started-at="2020-04-14T21:22:32Z" finished-at="2020-04-14T21:22:32Z">
          <reporter-output>
          </reporter-output>
        </test-method> <!-- verifypageBottomOption4 -->
        <test-method status="PASS" signature="verifypageBottomOption5()[pri:10, instance:Com.Test.BlueBadge.Test.SignUpPageTest@62e70ea3]" name="verifypageBottomOption5" duration-ms="672" started-at="2020-04-14T21:22:32Z" finished-at="2020-04-14T21:22:33Z">
          <reporter-output>
          </reporter-output>
        </test-method> <!-- verifypageBottomOption5 -->
        <test-method status="PASS" signature="verifypageBottomOption6()[pri:11, instance:Com.Test.BlueBadge.Test.SignUpPageTest@62e70ea3]" name="verifypageBottomOption6" duration-ms="613" started-at="2020-04-14T21:22:33Z" finished-at="2020-04-14T21:22:34Z">
          <reporter-output>
          </reporter-output>
        </test-method> <!-- verifypageBottomOption6 -->
        <test-method status="PASS" signature="clickOnLoginButtonTest()[pri:12, instance:Com.Test.BlueBadge.Test.SignUpPageTest@62e70ea3]" name="clickOnLoginButtonTest" duration-ms="2053" started-at="2020-04-14T21:22:34Z" finished-at="2020-04-14T21:22:36Z">
          <reporter-output>
          </reporter-output>
        </test-method> <!-- clickOnLoginButtonTest -->
        <test-method status="PASS" signature="tearDown()[pri:0, instance:Com.Test.BlueBadge.Test.SignUpPageTest@62e70ea3]" name="tearDown" is-config="true" duration-ms="756" started-at="2020-04-14T21:22:36Z" finished-at="2020-04-14T21:22:36Z">
          <reporter-output>
          </reporter-output>
        </test-method> <!-- tearDown -->
      </class> <!-- Com.Test.BlueBadge.Test.SignUpPageTest -->
    </test> <!-- BlueBadge Functional Regression Test -->
  </suite> <!-- BlueBadge Regression Suite -->
</testng-results>
